<?xml version="1.0" encoding="UTF-8"?>
<!DOCTYPE suite SYSTEM "http://testng.org/testng-1.0.dtd">
<suite name="All Test Suite">
    <test name="AnnotationSequence1">
        <classes>
            <class name="org.alpha.shriniwas.testngconcepts.TestAnnotations1" >
                <methods>
                    <include name="test1" />
                    <include name="test2" />
                </methods>
            </class>

            <class name="org.alpha.shriniwas.testngconcepts.TestAnnotations2" >
                <methods>
                    <include name="test3" />
                    <include name="test4" />
                </methods>
            </class>
        </classes>
    </test>

    <test name="AnnotationSequence2">
        <classes>

            <class name="org.alpha.shriniwas.testngconcepts.TestAnnotations1" >
                <methods>
                    <include name="test1" />
                    <include name="test2" />
                </methods>
            </class>

            <class name="org.alpha.shriniwas.testngconcepts.TestAnnotations2" >
                <methods>
                    <include name="test3" />
                    <include name="test4" />
                </methods>
            </class>
        </classes>
    </test>
</suite>