<?xml version="1.0" encoding="UTF-8"?>
<!DOCTYPE suite SYSTEM "http://testng.org/testng-1.0.dtd">
<suite name="All Test Suite">
    <!-- Valid userName, Valid Password -->

    <test name="TestParameters1">
        <parameter name="username" value="standard_user"/>
        <parameter name="password" value="secret_sauce"/>
        <classes>
            <class name="org.alpha.tejashri.TestNG.parameterizations.TestParameters"/>
        </classes>
    </test>

    <!-- Valid userName, Invalid Password -->
    <test name="TestParameters2">
        <parameter name="username" value="standard_user"/>
        <parameter name="password" value="secret_sauce123"/>
        <classes>
            <class name="org.alpha.tejashri.TestNG.parameterizations.TestParameters"/>
        </classes>
    </test>

    <!-- Invalid userName, Valid Password -->
    <test name="TestParameters3">
        <parameter name="username" value="standard_user123"/>
        <parameter name="password" value="secret_sauce"/>
        <classes>
            <class name="org.alpha.tejashri.TestNG.parameterizations.TestParameters"/>
        </classes>
    </test>

    <!-- Invalid userName, Invalid Password -->
    <test name="TestParameters4">
        <parameter name="username" value="standard_user123"/>
        <parameter name="password" value="secret_sauce123"/>
        <classes>
            <class name="org.alpha.tejashri.TestNG.parameterizations.TestParameters"/>
        </classes>
    </test>
</suite>