<?xml version="1.0" encoding="UTF-8"?>
<!DOCTYPE suite SYSTEM "http://testng.org/testng-1.0.dtd">
<suite name="All Test Suite">

    <listeners>
       <listener class-name="org.alpha.tejashri.TestNG.listeners.testListenerMethodsClass" />
    </listeners>

    <test name="Test Listeners">
        <classes>
            <class name="org.alpha.tejashri.TestNG.listeners.TestListeners1"/>

        </classes>
    </test>
</suite>
