<?xml version="1.0" encoding="UTF-8"?>
<!DOCTYPE suite SYSTEM "http://testng.org/testng-1.0.dtd">
<suite name="All Test Suite">
    <!-- Valid userName, Valid Password -->

    <test name="TestParameters1">
        <parameter name="browser" value="chrome"/>
        <classes>
            <class name="org.alpha.tejashri.TestNG.parameterizations.TestOptionalParameters"/>
        </classes>
    </test>
</suite>