<?xml version="1.0" encoding="UTF-8"?>
<!DOCTYPE suite SYSTEM "http://testng.org/testng-1.0.dtd">
<suite name="All Test Suite">
<!--    <listeners>-->
<!--        <listener class-name="org.alpha.tejashri.TestNG.capturescreenshots.TestListenerClass"/>-->
<!--    </listeners>-->
    <test name="TestCaptureScreenshotOnFailure">
        <classes>
            <class name="org.alpha.tejashri.TestNG.capturescreenshots.TestCaptureScreenshotOnFailure">
                <methods>
                    <include name="verifyLogin"/>
                    <include name="signUp"/>
                </methods>
            </class>
        </classes>
    </test>
</suite>