<?xml version="1.0" encoding="UTF-8"?>
<!DOCTYPE suite SYSTEM "http://testng.org/testng-1.0.dtd">
<suite name="All Test Suite">
    <listeners>
        <listener class-name="org.alpha.sanjeevani.testngconcepts.screenshotonfailure.TestListenerClass"/>
    </listeners>
    <test name="Test Listener">
        <classes>
            <class name="org.alpha.sanjeevani.testngconcepts.screenshotonfailure.TestCaptureScreenshotOnFailure"/>
        </classes>
    </test>
</suite>