<?xml version="1.0" encoding="UTF-8"?>
<!DOCTYPE suite SYSTEM "http://testng.org/testng-1.0.dtd">
<suite name="All Test Suite">
    <test name="Test Annotation1">
        <classes>
            <class name="org.alpha.sanjeevani.testngconcepts.TestAnnotation1">
            <methods>
                <include name="test1"></include>
                <include name="test2"></include>
            </methods>
            </class>
           <class name="org.alpha.sanjeevani.testngconcepts.TestAnnotation2">
            <methods>
                <include name="test3"></include>
                <include name="test4"></include>
            </methods>
           </class>
        </classes>
    </test>


    <test name="Test Annotation2">
        <classes>
            <class name="org.alpha.sanjeevani.testngconcepts.TestAnnotation1">
                <methods>
                    <include name="test1"></include>
                    <include name="test2"></include>
                </methods>
            </class>
            <class name="org.alpha.sanjeevani.testngconcepts.TestAnnotation2">
                <methods>
                    <include name="test3"></include>
                    <include name="test4"></include>
                </methods>
            </class>
        </classes>
    </test>
</suite>